<?xml version="1.0" encoding="UTF-8"?>
<testsuite xmlns:xsi="http://www.w3.org/2001/XMLSchema-instance" xsi:noNamespaceSchemaLocation="https://maven.apache.org/surefire/maven-failsafe-plugin/xsd/failsafe-test-report.xsd" name="com.masteringselenium.BasicIT" time="31.311" tests="6" errors="0" skipped="0" failures="0">
  <properties>
[...]
</properties>
  <testcase name="googleCucumberExample" classname="com.masteringselenium.BasicIT" time="14.388"/>
  <testcase name="googleCheeseExample" classname="com.masteringselenium.BasicIT" time="15.876"/>
  <testcase name="googleBananaExample" classname="com.masteringselenium.BasicIT" time="19.234"/>
  <testcase name="googleMeExample" classname="com.masteringselenium.BasicIT" time="19.393"/>
  <testcase name="googleYouExample" classname="com.masteringselenium.BasicIT" time="1.985"/>
  <testcase name="googleMilkExample" classname="com.masteringselenium.BasicIT" time="3.218"/>
</testsuite>