<?xml version="1.0" encoding="UTF-8"?>
<testng-results skipped="0" failed="0" ignored="0" total="6" passed="6">
  <reporter-output>
  </reporter-output>
  <suite name="Surefire suite" duration-ms="28155" started-at="2019-10-14T20:07:13Z" finished-at="2019-10-14T20:07:41Z">
    <groups>
    </groups>
    <test name="Surefire test" duration-ms="28155" started-at="2019-10-14T20:07:13Z" finished-at="2019-10-14T20:07:41Z">
      <class name="com.masteringselenium.BasicIT">
        <test-method status="PASS" signature="instantiateDriverObject()[pri:0, instance:com.masteringselenium.BasicIT@5afa04c]" name="instantiateDriverObject" is-config="true" duration-ms="12" started-at="2019-10-14T20:07:13Z" finished-at="2019-10-14T20:07:13Z">
          <reporter-output>
          </reporter-output>
        </test-method> <!-- instantiateDriverObject -->
        <test-method status="PASS" signature="googleBananaExample()[pri:0, instance:com.masteringselenium.BasicIT@5afa04c]" name="googleBananaExample" duration-ms="19234" started-at="2019-10-14T20:07:13Z" finished-at="2019-10-14T20:07:32Z">
          <reporter-output>
          </reporter-output>
        </test-method> <!-- googleBananaExample -->
        <test-method status="PASS" signature="googleCheeseExample()[pri:0, instance:com.masteringselenium.BasicIT@5afa04c]" name="googleCheeseExample" duration-ms="15875" started-at="2019-10-14T20:07:13Z" finished-at="2019-10-14T20:07:29Z">
          <reporter-output>
          </reporter-output>
        </test-method> <!-- googleCheeseExample -->
        <test-method status="PASS" signature="googleCucumberExample()[pri:0, instance:com.masteringselenium.BasicIT@5afa04c]" name="googleCucumberExample" duration-ms="14386" started-at="2019-10-14T20:07:13Z" finished-at="2019-10-14T20:07:27Z">
          <reporter-output>
          </reporter-output>
        </test-method> <!-- googleCucumberExample -->
        <test-method status="PASS" signature="googleMeExample()[pri:0, instance:com.masteringselenium.BasicIT@5afa04c]" name="googleMeExample" duration-ms="19392" started-at="2019-10-14T20:07:13Z" finished-at="2019-10-14T20:07:32Z">
          <reporter-output>
          </reporter-output>
        </test-method> <!-- googleMeExample -->
        <test-method status="PASS" signature="clearCookies()[pri:0, instance:com.masteringselenium.BasicIT@5afa04c]" name="clearCookies" is-config="true" duration-ms="7119" started-at="2019-10-14T20:07:27Z" finished-at="2019-10-14T20:07:34Z">
          <reporter-output>
          </reporter-output>
        </test-method> <!-- clearCookies -->
        <test-method status="PASS" signature="clearCookies()[pri:0, instance:com.masteringselenium.BasicIT@5afa04c]" name="clearCookies" is-config="true" duration-ms="5943" started-at="2019-10-14T20:07:29Z" finished-at="2019-10-14T20:07:35Z">
          <reporter-output>
          </reporter-output>
        </test-method> <!-- clearCookies -->
        <test-method status="PASS" signature="clearCookies()[pri:0, instance:com.masteringselenium.BasicIT@5afa04c]" name="clearCookies" is-config="true" duration-ms="3319" started-at="2019-10-14T20:07:32Z" finished-at="2019-10-14T20:07:35Z">
          <reporter-output>
          </reporter-output>
        </test-method> <!-- clearCookies -->
        <test-method status="PASS" signature="clearCookies()[pri:0, instance:com.masteringselenium.BasicIT@5afa04c]" name="clearCookies" is-config="true" duration-ms="3224" started-at="2019-10-14T20:07:32Z" finished-at="2019-10-14T20:07:35Z">
          <reporter-output>
          </reporter-output>
        </test-method> <!-- clearCookies -->
        <test-method status="PASS" signature="googleMilkExample()[pri:0, instance:com.masteringselenium.BasicIT@5afa04c]" name="googleMilkExample" duration-ms="3530" started-at="2019-10-14T20:07:34Z" finished-at="2019-10-14T20:07:38Z">
          <reporter-output>
          </reporter-output>
        </test-method> <!-- googleMilkExample -->
        <test-method status="PASS" signature="googleYouExample()[pri:0, instance:com.masteringselenium.BasicIT@5afa04c]" name="googleYouExample" duration-ms="1982" started-at="2019-10-14T20:07:35Z" finished-at="2019-10-14T20:07:37Z">
          <reporter-output>
          </reporter-output>
        </test-method> <!-- googleYouExample -->
        <test-method status="PASS" signature="clearCookies()[pri:0, instance:com.masteringselenium.BasicIT@5afa04c]" name="clearCookies" is-config="true" duration-ms="3510" started-at="2019-10-14T20:07:37Z" finished-at="2019-10-14T20:07:40Z">
          <reporter-output>
          </reporter-output>
        </test-method> <!-- clearCookies -->
        <test-method status="PASS" signature="clearCookies()[pri:0, instance:com.masteringselenium.BasicIT@5afa04c]" name="clearCookies" is-config="true" duration-ms="3098" started-at="2019-10-14T20:07:38Z" finished-at="2019-10-14T20:07:41Z">
          <reporter-output>
          </reporter-output>
        </test-method> <!-- clearCookies -->
        <test-method status="PASS" signature="quitDriver()[pri:0, instance:com.masteringselenium.BasicIT@5afa04c]" name="quitDriver" is-config="true" duration-ms="2685" started-at="2019-10-14T20:07:41Z" finished-at="2019-10-14T20:07:44Z">
          <reporter-output>
          </reporter-output>
        </test-method> <!-- quitDriver -->
      </class> <!-- com.masteringselenium.BasicIT -->
    </test> <!-- Surefire test -->
  </suite> <!-- Surefire suite -->
</testng-results>
