<?xml version="1.0" encoding="UTF-8"?>
<!-- Generated by org.testng.reporters.JUnitXMLReporter -->
<testsuite hostname="admin-PC" ignored="0" name="Surefire test" tests="6" failures="0" timestamp="14 Oct 2019 20:07:41 GMT" time="28.155" errors="0">
  <testcase name="googleCucumberExample" time="14.386" classname="com.masteringselenium.BasicIT"/>
  <testcase name="googleCheeseExample" time="15.875" classname="com.masteringselenium.BasicIT"/>
  <testcase name="googleBananaExample" time="19.234" classname="com.masteringselenium.BasicIT"/>
  <testcase name="googleMeExample" time="19.392" classname="com.masteringselenium.BasicIT"/>
  <testcase name="googleYouExample" time="1.982" classname="com.masteringselenium.BasicIT"/>
  <testcase name="googleMilkExample" time="3.53" classname="com.masteringselenium.BasicIT"/>
</testsuite> <!-- Surefire test -->
